C:\Program Files (x86)\Microsoft Visual Studio\2019\Community\MSBuild\Microsoft\VC\v160\Microsoft.CppBuild.targets(505,5): warning MSB8004: Output Directory does not end with a trailing slash.  This build instance will add the slash as it is required to allow proper evaluation of the Output Directory.
  F35A.cpp
C:\Users\spenc\Saved Games\DCS.openbeta\Mods\aircraft\F-35\EFM Source\FlightModel\F35A.cpp(109,1): warning C4273: 'ed_fm_add_local_force': inconsistent dll linkage
C:\Users\spenc\Saved Games\DCS.openbeta\Mods\aircraft\F-35\EFM Source\FlightModel\F35A.h(23,19): message : see previous definition of 'ed_fm_add_local_force'
C:\Users\spenc\Saved Games\DCS.openbeta\Mods\aircraft\F-35\EFM Source\FlightModel\F35A.cpp(115,1): warning C4273: 'ed_fm_add_global_force': inconsistent dll linkage
C:\Users\spenc\Saved Games\DCS.openbeta\Mods\aircraft\F-35\EFM Source\FlightModel\F35A.h(24,19): message : see previous definition of 'ed_fm_add_global_force'
C:\Users\spenc\Saved Games\DCS.openbeta\Mods\aircraft\F-35\EFM Source\FlightModel\F35A.cpp(126,1): warning C4273: 'ed_fm_add_local_force_component': inconsistent dll linkage
C:\Users\spenc\Saved Games\DCS.openbeta\Mods\aircraft\F-35\EFM Source\FlightModel\F35A.h(32,19): message : see previous definition of 'ed_fm_add_local_force_component'
C:\Users\spenc\Saved Games\DCS.openbeta\Mods\aircraft\F-35\EFM Source\FlightModel\F35A.cpp(130,1): warning C4273: 'ed_fm_add_global_force_component': inconsistent dll linkage
C:\Users\spenc\Saved Games\DCS.openbeta\Mods\aircraft\F-35\EFM Source\FlightModel\F35A.h(33,19): message : see previous definition of 'ed_fm_add_global_force_component'
C:\Users\spenc\Saved Games\DCS.openbeta\Mods\aircraft\F-35\EFM Source\FlightModel\F35A.cpp(137,1): warning C4273: 'ed_fm_add_local_moment': inconsistent dll linkage
C:\Users\spenc\Saved Games\DCS.openbeta\Mods\aircraft\F-35\EFM Source\FlightModel\F35A.h(35,19): message : see previous definition of 'ed_fm_add_local_moment'
C:\Users\spenc\Saved Games\DCS.openbeta\Mods\aircraft\F-35\EFM Source\FlightModel\F35A.cpp(143,1): warning C4273: 'ed_fm_add_global_moment': inconsistent dll linkage
C:\Users\spenc\Saved Games\DCS.openbeta\Mods\aircraft\F-35\EFM Source\FlightModel\F35A.h(36,19): message : see previous definition of 'ed_fm_add_global_moment'
C:\Users\spenc\Saved Games\DCS.openbeta\Mods\aircraft\F-35\EFM Source\FlightModel\F35A.cpp(154,1): warning C4273: 'ed_fm_add_local_moment_component': inconsistent dll linkage
C:\Users\spenc\Saved Games\DCS.openbeta\Mods\aircraft\F-35\EFM Source\FlightModel\F35A.h(44,19): message : see previous definition of 'ed_fm_add_local_moment_component'
C:\Users\spenc\Saved Games\DCS.openbeta\Mods\aircraft\F-35\EFM Source\FlightModel\F35A.cpp(158,1): warning C4273: 'ed_fm_add_global_moment_component': inconsistent dll linkage
C:\Users\spenc\Saved Games\DCS.openbeta\Mods\aircraft\F-35\EFM Source\FlightModel\F35A.h(45,19): message : see previous definition of 'ed_fm_add_global_moment_component'
C:\Users\spenc\Saved Games\DCS.openbeta\Mods\aircraft\F-35\EFM Source\FlightModel\F35A.cpp(176,1): warning C4273: 'ed_fm_simulate': inconsistent dll linkage
C:\Users\spenc\Saved Games\DCS.openbeta\Mods\aircraft\F-35\EFM Source\FlightModel\F35A.h(51,19): message : see previous definition of 'ed_fm_simulate'
C:\Users\spenc\Saved Games\DCS.openbeta\Mods\aircraft\F-35\EFM Source\FlightModel\F35A.cpp(265,1): warning C4273: 'ed_fm_set_surface': inconsistent dll linkage
C:\Users\spenc\Saved Games\DCS.openbeta\Mods\aircraft\F-35\EFM Source\FlightModel\F35A.h(57,19): message : see previous definition of 'ed_fm_set_surface'
C:\Users\spenc\Saved Games\DCS.openbeta\Mods\aircraft\F-35\EFM Source\FlightModel\F35A.cpp(278,1): warning C4273: 'ed_fm_set_atmosphere': inconsistent dll linkage
C:\Users\spenc\Saved Games\DCS.openbeta\Mods\aircraft\F-35\EFM Source\FlightModel\F35A.h(68,19): message : see previous definition of 'ed_fm_set_atmosphere'
C:\Users\spenc\Saved Games\DCS.openbeta\Mods\aircraft\F-35\EFM Source\FlightModel\F35A.cpp(290,1): warning C4273: 'ed_fm_set_current_mass_state': inconsistent dll linkage
C:\Users\spenc\Saved Games\DCS.openbeta\Mods\aircraft\F-35\EFM Source\FlightModel\F35A.h(80,19): message : see previous definition of 'ed_fm_set_current_mass_state'
C:\Users\spenc\Saved Games\DCS.openbeta\Mods\aircraft\F-35\EFM Source\FlightModel\F35A.cpp(319,1): warning C4273: 'ed_fm_set_current_state': inconsistent dll linkage
C:\Users\spenc\Saved Games\DCS.openbeta\Mods\aircraft\F-35\EFM Source\FlightModel\F35A.h(91,19): message : see previous definition of 'ed_fm_set_current_state'
C:\Users\spenc\Saved Games\DCS.openbeta\Mods\aircraft\F-35\EFM Source\FlightModel\F35A.cpp(344,1): warning C4273: 'ed_fm_set_current_state_body_axis': inconsistent dll linkage
C:\Users\spenc\Saved Games\DCS.openbeta\Mods\aircraft\F-35\EFM Source\FlightModel\F35A.h(114,19): message : see previous definition of 'ed_fm_set_current_state_body_axis'
C:\Users\spenc\Saved Games\DCS.openbeta\Mods\aircraft\F-35\EFM Source\FlightModel\F35A.cpp(355,1): warning C4273: 'ed_fm_set_command': inconsistent dll linkage
C:\Users\spenc\Saved Games\DCS.openbeta\Mods\aircraft\F-35\EFM Source\FlightModel\F35A.h(139,19): message : see previous definition of 'ed_fm_set_command'
C:\Users\spenc\Saved Games\DCS.openbeta\Mods\aircraft\F-35\EFM Source\FlightModel\F35A.cpp(590,1): warning C4273: 'ed_fm_change_mass': inconsistent dll linkage
C:\Users\spenc\Saved Games\DCS.openbeta\Mods\aircraft\F-35\EFM Source\FlightModel\F35A.h(161,19): message : see previous definition of 'ed_fm_change_mass'
C:\Users\spenc\Saved Games\DCS.openbeta\Mods\aircraft\F-35\EFM Source\FlightModel\F35A.cpp(613,1): warning C4273: 'ed_fm_set_internal_fuel': inconsistent dll linkage
C:\Users\spenc\Saved Games\DCS.openbeta\Mods\aircraft\F-35\EFM Source\FlightModel\F35A.h(173,19): message : see previous definition of 'ed_fm_set_internal_fuel'
C:\Users\spenc\Saved Games\DCS.openbeta\Mods\aircraft\F-35\EFM Source\FlightModel\F35A.cpp(622,1): warning C4273: 'ed_fm_get_internal_fuel': inconsistent dll linkage
C:\Users\spenc\Saved Games\DCS.openbeta\Mods\aircraft\F-35\EFM Source\FlightModel\F35A.h(178,21): message : see previous definition of 'ed_fm_get_internal_fuel'
C:\Users\spenc\Saved Games\DCS.openbeta\Mods\aircraft\F-35\EFM Source\FlightModel\F35A.cpp(634,1): warning C4273: 'ed_fm_set_external_fuel': inconsistent dll linkage
C:\Users\spenc\Saved Games\DCS.openbeta\Mods\aircraft\F-35\EFM Source\FlightModel\F35A.h(183,19): message : see previous definition of 'ed_fm_set_external_fuel'
C:\Users\spenc\Saved Games\DCS.openbeta\Mods\aircraft\F-35\EFM Source\FlightModel\F35A.cpp(642,1): warning C4273: 'ed_fm_get_external_fuel': inconsistent dll linkage
C:\Users\spenc\Saved Games\DCS.openbeta\Mods\aircraft\F-35\EFM Source\FlightModel\F35A.h(191,21): message : see previous definition of 'ed_fm_get_external_fuel'
C:\Users\spenc\Saved Games\DCS.openbeta\Mods\aircraft\F-35\EFM Source\FlightModel\F35A.cpp(650,1): warning C4273: 'ed_fm_refueling_add_fuel': inconsistent dll linkage
C:\Users\spenc\Saved Games\DCS.openbeta\Mods\aircraft\F-35\EFM Source\FlightModel\F35A.h(198,19): message : see previous definition of 'ed_fm_refueling_add_fuel'
C:\Users\spenc\Saved Games\DCS.openbeta\Mods\aircraft\F-35\EFM Source\FlightModel\F35A.cpp(663,1): warning C4273: 'ed_fm_set_draw_args_v2': inconsistent dll linkage
C:\Users\spenc\Saved Games\DCS.openbeta\Mods\aircraft\F-35\EFM Source\FlightModel\F35A.h(206,19): message : see previous definition of 'ed_fm_set_draw_args_v2'
C:\Users\spenc\Saved Games\DCS.openbeta\Mods\aircraft\F-35\EFM Source\FlightModel\F35A.cpp(758,1): warning C4273: 'ed_fm_set_fc3_cockpit_draw_args_v2': inconsistent dll linkage
C:\Users\spenc\Saved Games\DCS.openbeta\Mods\aircraft\F-35\EFM Source\FlightModel\F35A.h(207,19): message : see previous definition of 'ed_fm_set_fc3_cockpit_draw_args_v2'
C:\Users\spenc\Saved Games\DCS.openbeta\Mods\aircraft\F-35\EFM Source\FlightModel\F35A.cpp(784,1): warning C4273: 'ed_fm_get_shake_amplitude': inconsistent dll linkage
C:\Users\spenc\Saved Games\DCS.openbeta\Mods\aircraft\F-35\EFM Source\FlightModel\F35A.h(212,21): message : see previous definition of 'ed_fm_get_shake_amplitude'
C:\Users\spenc\Saved Games\DCS.openbeta\Mods\aircraft\F-35\EFM Source\FlightModel\F35A.cpp(792,1): warning C4273: 'ed_fm_configure': inconsistent dll linkage
C:\Users\spenc\Saved Games\DCS.openbeta\Mods\aircraft\F-35\EFM Source\FlightModel\F35A.h(217,19): message : see previous definition of 'ed_fm_configure'
C:\Users\spenc\Saved Games\DCS.openbeta\Mods\aircraft\F-35\EFM Source\FlightModel\F35A.cpp(800,1): warning C4273: 'ed_fm_release': inconsistent dll linkage
C:\Users\spenc\Saved Games\DCS.openbeta\Mods\aircraft\F-35\EFM Source\FlightModel\F35A.h(223,19): message : see previous definition of 'ed_fm_release'
C:\Users\spenc\Saved Games\DCS.openbeta\Mods\aircraft\F-35\EFM Source\FlightModel\F35A.cpp(806,1): warning C4273: 'ed_fm_get_param': inconsistent dll linkage
C:\Users\spenc\Saved Games\DCS.openbeta\Mods\aircraft\F-35\EFM Source\FlightModel\F35A.h(228,21): message : see previous definition of 'ed_fm_get_param'
C:\Users\spenc\Saved Games\DCS.openbeta\Mods\aircraft\F-35\EFM Source\FlightModel\F35A.cpp(935,1): warning C4273: 'ed_fm_cold_start': inconsistent dll linkage
C:\Users\spenc\Saved Games\DCS.openbeta\Mods\aircraft\F-35\EFM Source\FlightModel\F35A.h(239,19): message : see previous definition of 'ed_fm_cold_start'
C:\Users\spenc\Saved Games\DCS.openbeta\Mods\aircraft\F-35\EFM Source\FlightModel\F35A.cpp(953,1): warning C4273: 'ed_fm_hot_start': inconsistent dll linkage
C:\Users\spenc\Saved Games\DCS.openbeta\Mods\aircraft\F-35\EFM Source\FlightModel\F35A.h(240,19): message : see previous definition of 'ed_fm_hot_start'
C:\Users\spenc\Saved Games\DCS.openbeta\Mods\aircraft\F-35\EFM Source\FlightModel\F35A.cpp(969,1): warning C4273: 'ed_fm_hot_start_in_air': inconsistent dll linkage
C:\Users\spenc\Saved Games\DCS.openbeta\Mods\aircraft\F-35\EFM Source\FlightModel\F35A.h(241,19): message : see previous definition of 'ed_fm_hot_start_in_air'
C:\Users\spenc\Saved Games\DCS.openbeta\Mods\aircraft\F-35\EFM Source\FlightModel\F35A.cpp(1002,1): warning C4273: 'ed_fm_make_balance': inconsistent dll linkage
C:\Users\spenc\Saved Games\DCS.openbeta\Mods\aircraft\F-35\EFM Source\FlightModel\F35A.h(246,19): message : see previous definition of 'ed_fm_make_balance'
C:\Users\spenc\Saved Games\DCS.openbeta\Mods\aircraft\F-35\EFM Source\FlightModel\F35A.cpp(1010,1): warning C4273: 'ed_fm_enable_debug_info': inconsistent dll linkage
C:\Users\spenc\Saved Games\DCS.openbeta\Mods\aircraft\F-35\EFM Source\FlightModel\F35A.h(265,19): message : see previous definition of 'ed_fm_enable_debug_info'
C:\Users\spenc\Saved Games\DCS.openbeta\Mods\aircraft\F-35\EFM Source\FlightModel\F35A.cpp(1054,1): warning C4273: 'ed_fm_debug_watch': inconsistent dll linkage
C:\Users\spenc\Saved Games\DCS.openbeta\Mods\aircraft\F-35\EFM Source\FlightModel\F35A.h(269,21): message : see previous definition of 'ed_fm_debug_watch'
C:\Users\spenc\Saved Games\DCS.openbeta\Mods\aircraft\F-35\EFM Source\FlightModel\F35A.cpp(1082,1): warning C4273: 'ed_fm_set_plugin_data_install_path': inconsistent dll linkage
C:\Users\spenc\Saved Games\DCS.openbeta\Mods\aircraft\F-35\EFM Source\FlightModel\F35A.h(274,19): message : see previous definition of 'ed_fm_set_plugin_data_install_path'
C:\Users\spenc\Saved Games\DCS.openbeta\Mods\aircraft\F-35\EFM Source\FlightModel\F35A.cpp(1088,1): warning C4273: 'ed_fm_on_planned_failure': inconsistent dll linkage
C:\Users\spenc\Saved Games\DCS.openbeta\Mods\aircraft\F-35\EFM Source\FlightModel\F35A.h(278,19): message : see previous definition of 'ed_fm_on_planned_failure'
C:\Users\spenc\Saved Games\DCS.openbeta\Mods\aircraft\F-35\EFM Source\FlightModel\F35A.cpp(1093,1): warning C4273: 'ed_fm_on_damage': inconsistent dll linkage
C:\Users\spenc\Saved Games\DCS.openbeta\Mods\aircraft\F-35\EFM Source\FlightModel\F35A.h(281,19): message : see previous definition of 'ed_fm_on_damage'
C:\Users\spenc\Saved Games\DCS.openbeta\Mods\aircraft\F-35\EFM Source\FlightModel\F35A.cpp(1106,1): warning C4273: 'ed_fm_repair': inconsistent dll linkage
C:\Users\spenc\Saved Games\DCS.openbeta\Mods\aircraft\F-35\EFM Source\FlightModel\F35A.h(284,19): message : see previous definition of 'ed_fm_repair'
C:\Users\spenc\Saved Games\DCS.openbeta\Mods\aircraft\F-35\EFM Source\FlightModel\F35A.cpp(1112,1): warning C4273: 'ed_fm_need_to_be_repaired': inconsistent dll linkage
C:\Users\spenc\Saved Games\DCS.openbeta\Mods\aircraft\F-35\EFM Source\FlightModel\F35A.h(287,19): message : see previous definition of 'ed_fm_need_to_be_repaired'
C:\Users\spenc\Saved Games\DCS.openbeta\Mods\aircraft\F-35\EFM Source\FlightModel\F35A.cpp(1118,1): warning C4273: 'ed_fm_set_immortal': inconsistent dll linkage
C:\Users\spenc\Saved Games\DCS.openbeta\Mods\aircraft\F-35\EFM Source\FlightModel\F35A.h(290,19): message : see previous definition of 'ed_fm_set_immortal'
C:\Users\spenc\Saved Games\DCS.openbeta\Mods\aircraft\F-35\EFM Source\FlightModel\F35A.cpp(1124,1): warning C4273: 'ed_fm_unlimited_fuel': inconsistent dll linkage
C:\Users\spenc\Saved Games\DCS.openbeta\Mods\aircraft\F-35\EFM Source\FlightModel\F35A.h(292,19): message : see previous definition of 'ed_fm_unlimited_fuel'
C:\Users\spenc\Saved Games\DCS.openbeta\Mods\aircraft\F-35\EFM Source\FlightModel\F35A.cpp(1130,1): warning C4273: 'ed_fm_set_easy_flight': inconsistent dll linkage
C:\Users\spenc\Saved Games\DCS.openbeta\Mods\aircraft\F-35\EFM Source\FlightModel\F35A.h(294,19): message : see previous definition of 'ed_fm_set_easy_flight'
C:\Users\spenc\Saved Games\DCS.openbeta\Mods\aircraft\F-35\EFM Source\FlightModel\F35A.cpp(1135,1): warning C4273: 'ed_fm_set_property_numeric': inconsistent dll linkage
C:\Users\spenc\Saved Games\DCS.openbeta\Mods\aircraft\F-35\EFM Source\FlightModel\F35A.h(297,19): message : see previous definition of 'ed_fm_set_property_numeric'
C:\Users\spenc\Saved Games\DCS.openbeta\Mods\aircraft\F-35\EFM Source\FlightModel\F35A.cpp(1145,1): warning C4273: 'ed_fm_set_property_string': inconsistent dll linkage
C:\Users\spenc\Saved Games\DCS.openbeta\Mods\aircraft\F-35\EFM Source\FlightModel\F35A.h(299,19): message : see previous definition of 'ed_fm_set_property_string'
C:\Users\spenc\Saved Games\DCS.openbeta\Mods\aircraft\F-35\EFM Source\FlightModel\F35A.cpp(1163,1): warning C4273: 'ed_fm_pop_simulation_event': inconsistent dll linkage
C:\Users\spenc\Saved Games\DCS.openbeta\Mods\aircraft\F-35\EFM Source\FlightModel\F35A.h(310,19): message : see previous definition of 'ed_fm_pop_simulation_event'
C:\Users\spenc\Saved Games\DCS.openbeta\Mods\aircraft\F-35\EFM Source\FlightModel\F35A.cpp(1175,1): warning C4273: 'ed_fm_suspension_feedback': inconsistent dll linkage
C:\Users\spenc\Saved Games\DCS.openbeta\Mods\aircraft\F-35\EFM Source\FlightModel\F35A.h(315,19): message : see previous definition of 'ed_fm_suspension_feedback'
     Creating library ..\..\bin\F35A.lib and object ..\..\bin\F35A.exp
  Generating code
  Finished generating code
  F35FM.vcxproj -> C:\Users\spenc\Saved Games\DCS.openbeta\Mods\aircraft\F-35\bin\F35A.dll
